<?xml version="1.0" encoding="UTF-8"?>
<testsuite name="com.example.panduansholat.ExampleUnitTest" tests="1" skipped="0" failures="0" errors="0" timestamp="2024-06-10T13:55:45" hostname="DESKTOP-RIZQIBA" time="0.006">
  <properties/>
  <testcase name="addition_isCorrect" classname="com.example.panduansholat.ExampleUnitTest" time="0.006"/>
  <system-out><![CDATA[]]></system-out>
  <system-err><![CDATA[]]></system-err>
</testsuite>
